<?xml version="1.0" encoding="UTF-8"?>
<testsuite name="WikipediaParserTest" tests="2" skipped="0" failures="0" errors="0" timestamp="2020-10-06T02:39:51" hostname="DESKTOP-1EPGKJO" time="0.042">
  <properties/>
  <testcase name="testJsonFormatterNamesAndDates" classname="WikipediaParserTest" time="0.039"/>
  <testcase name="testJsonFormatterRevisionsCount" classname="WikipediaParserTest" time="0.003"/>
  <system-out><![CDATA[]]></system-out>
  <system-err><![CDATA[]]></system-err>
</testsuite>
