<?xml version="1.0" encoding="UTF-8"?>
<testsuite name="WikipediaParserTest" tests="2" skipped="0" failures="0" errors="0" timestamp="2020-10-06T04:47:41" hostname="DESKTOP-1EPGKJO" time="0.046">
  <properties/>
  <testcase name="testJsonFormatterNamesAndDates" classname="WikipediaParserTest" time="0.044"/>
  <testcase name="testJsonFormatterRevisionsCount" classname="WikipediaParserTest" time="0.002"/>
  <system-out><![CDATA[]]></system-out>
  <system-err><![CDATA[]]></system-err>
</testsuite>
