<?xml version="1.0" encoding="UTF-8"?>
<testsuite name="WikipediaConnectorTest" tests="3" skipped="0" failures="0" errors="0" timestamp="2020-09-29T19:55:45" hostname="DESKTOP-1EPGKJO" time="0.742">
  <properties/>
  <testcase name="testWikipediaRedirects" classname="WikipediaConnectorTest" time="0.51"/>
  <testcase name="testWikipediaPageDoesNotExist" classname="WikipediaConnectorTest" time="0.109"/>
  <testcase name="testWikipediaConnects" classname="WikipediaConnectorTest" time="0.123"/>
  <system-out><![CDATA[This page does not exist please try again
]]></system-out>
  <system-err><![CDATA[]]></system-err>
</testsuite>
