<?xml version="1.0" encoding="UTF-8"?>
<testsuite name="JsonLearningTest" tests="1" skipped="0" failures="0" errors="0" timestamp="2020-09-27T19:54:02" hostname="DESKTOP-1EPGKJO" time="0.027">
  <properties/>
  <testcase name="testCountRevisions" classname="JsonLearningTest" time="0.027"/>
  <system-out><![CDATA[]]></system-out>
  <system-err><![CDATA[]]></system-err>
</testsuite>
