<?xml version="1.0" encoding="UTF-8"?>
<testsuite name="WikipediaParserTest" tests="1" skipped="0" failures="0" errors="0" timestamp="2020-09-29T17:01:33" hostname="DESKTOP-1EPGKJO" time="0.029">
  <properties/>
  <testcase name="testJsonReader" classname="WikipediaParserTest" time="0.029"/>
  <system-out><![CDATA[]]></system-out>
  <system-err><![CDATA[]]></system-err>
</testsuite>
